<time>Sat Apr 29 00:07:55 2017
<word>absurd
<defs>absurd ,/adj./@荒的;,/adj./@荒唐的;

<time>Sat Apr 29 00:08:20 2017
<word>absurdity
<defs>absurdity ,/n./@荒谬;,/n./@荒唐;

<time>Sat Apr 29 02:53:19 2017
<word>deal
<defs>deal ,/v./@理;,/v./@交易;,/n./@交易;,/n./@Iu;

<time>Sat Apr 29 03:01:54 2017
<word>extract
<defs>extract ,/v./@提取;,/v./@摘;


<time>Sat Apr 29 20:15:14 2017
<word>parrot
<defs>,/n./@W^;

<time>Sat Apr 29 20:15:40 2017
<word>color
<time>Sat May 06 22:11:01 2017
<word>triage
<defs>,/n./@分;,/v./@分;

<time>Fri May 12 17:39:07 2017
<word>forsee
<defs>,/v./@A;

<time>Sun May 14 15:40:49 2017
<word>tectonic
<defs>,/adj./@构造的;,/adj./@建筑的;,/adj./@地壳构造的;

<time>Sun May 14 15:43:17 2017
<word>seismological
<defs>,/adj./@地震学的;

<time>Sun May 14 15:44:00 2017
<word>seismology
<defs>,/n./@地震学;

<time>Thu May 18 21:26:49 2017
<word>liken
<defs>,/v./@比拟;,/v./@比作;

<time>Thu May 18 21:28:20 2017
<word>protagonist
<defs>,/n./@主角;,/n./@主人公;,/n./@主要参与者;

<time>Sat May 27 13:11:34 2017
<word>bookworm
<defs>,/n./@书虫;,/n./@书呆子;

<time>Sat May 27 13:12:01 2017
<word>qualified
<defs>,/adj./@有资格的;

<time>Sat May 27 13:18:36 2017
<word>inculcate
<defs>,/v./@灌输;,/v./@塑造;

<time>Tue May 30 04:37:30 2017
<word>manager
<defs>,/n./@经理;,/n./@管理者;,/n./@管理员;

<time>Sat Jun 03 01:34:35 2017
<word>azure
<defs>,/adj./@蔚蓝的;,/adj./@碧蓝的;

<time>Fri Jun 16 05:14:42 2017
<word>ubiquity
<defs>,/n./@无处不在;,/n./@普遍存在;

<time>Fri Jun 16 05:16:00 2017
<word>delve
<defs>,/v./@挖;,/v./@钻研;,/v./@探究;

<time>Fri Jun 16 05:17:44 2017
<word>foray
<defs>,/n./@涉足;

<time>Wed Jun 21 16:08:54 2017
<word>delimiter
<defs>,/n./@定界符;,/n./@分隔符;

<time>Mon Jul 03 10:44:51 2017
<word>cocoon
<defs>,/n./@茧;,/n./@蚕茧;

<time>Thu Jul 20 21:39:37 2017
<word>detrimental
<defs>,/adj./@有害的;,/adj./@不利的;

<time>Fri Jul 21 19:54:36 2017
<word>homely
<defs>,/adj./@家常的;,/adj./@简朴的;

<time>Fri Jul 21 20:19:40 2017
<word>destrier
<defs>,/n./@军马;

<time>Fri Jul 21 20:23:53 2017
<word>sable
<defs>,/n./@紫貂;,/n./@黑貂;,/n./@貂皮;

<time>Wed Aug 23 03:38:25 2017
<word>pagination
<defs>,/n./@分页;

<time>Wed Aug 23 19:01:09 2017
<word>hazardous
<defs>,/adj./@冒险的;,/adj./@有危险的;

<time>Mon Oct 02 17:38:31 2017
<word>olfactory
<defs>,/n./@??;,/adj./@???;

<time>Mon Oct 02 18:30:37 2017
<word>constructor
<defs>,/n./@构造器;,/n./@建造者;

<time>Mon Oct 02 19:53:13 2017
<word>untie
<defs>,/v./@解开;

<time>Mon Oct 02 20:05:45 2017
<word>donkey
<defs>,/n./@驴;,/n./@笨蛋;

<time>Mon Oct 02 20:06:15 2017
<word>monkey
<defs>,/n./@猴子;

<time>Mon Oct 02 20:08:15 2017
<word>fishery
<defs>,/n./@渔业;

<time>Mon Oct 02 21:48:51 2017
<word>navy
<defs>,/n./@海军;

<time>Mon Oct 02 21:49:32 2017
<word>navel
<defs>,/n./@脐;,/n./@中心;

<time>Mon Oct 02 21:49:52 2017
<word>naval
<defs>,/adj./@海军的;

<time>Sat Dec 09 00:27:47 2017
<word>subpoena
<defs>,/n./@传票;

<time>Mon Dec 18 22:00:27 2017
<word>sensation
<defs>,/n./@感觉;,/n./@轰动;,/n./@知觉;,/n./@直觉;

<time>Mon Dec 18 22:00:59 2017
<word>sensational
<defs>,/adj./@轰动的;

<time>Wed Apr 04 22:22:09 2018
<word>prodigious
<defs>,/adj./@惊人的;

<time>Tue Apr 17 22:47:57 2018
<word>above
<defs>,/prep./@在上方;

<time>Tue Apr 17 22:48:33 2018
<word>above
<defs>,/prep./@高于;

<time>Tue Apr 17 22:49:00 2018
<word>above
<defs>,/prep./@高于;

<time>Wed Apr 18 21:32:02 2018
<word>taxi
<defs>,/n./@出租车;

<time>Fri Apr 20 23:40:17 2018
<word>pure
<defs>,/adj./@纯净的;,/adj./@纯洁的;

<time>Tue Dec 11 18:06:11 2018
<word>dauntless
<defs>,/adj./@o畏的;,/adj./@勇敢的;

<time>Wed Mar 27 12:52:31 2019
<word>rebuke
<defs>,/v./@斥责;

<time>Wed Mar 27 12:58:55 2019
<word>choose
<defs>,/v./@选择;

<time>Wed Apr 10 22:21:23 2019
<word>demographic
<defs>,/adj./@人口统计的;,/adj./@人口统计的;

<time>Wed Oct 30 22:39:59 2019
<word>candidate
<defs>,/n./@候选人;

<time>Wed Oct 30 22:41:37 2019
<word>magazine
<defs>,/n./@杂志;,/n./@期刊;

<time>Wed Oct 30 22:49:40 2019
<word>staunch
<defs>,/adj./@忠实的;,/adj./@坚定的;,/v./@止住;
