<time>Sat Apr 29 00:07:55 2017
<word>absurd
<defs>absurd ,/adj./@荒的;,/adj./@荒唐的;

<time>Sat Apr 29 00:08:20 2017
<word>absurdity
<defs>absurdity ,/n./@荒谬;,/n./@荒唐;

<time>Sat Apr 29 02:53:19 2017
<word>deal
<defs>deal ,/v./@理;,/v./@交易;,/n./@交易;,/n./@Iu;

<time>Sat Apr 29 03:01:54 2017
<word>extract
<defs>extract ,/v./@提取;,/v./@摘;

<time>Tue May 02 23:37:46 2017
<word>penetrate
<defs>penetrate ,/v./@渗透;,/v./@穿透;,/v./@穿;

<time>Thu May 04 21:41:25 2017
<word>translate
<defs>translate ,/v./@翻译;,/v./@翻g;

<time>Thu May 04 21:42:00 2017
<word>translate
<defs>translate ,/v./@翻g;

<time>Sat May 06 22:11:34 2017
<word>triage
<defs>triage ,/n./@分;,/v./@分;,/v./@急分配;

<time>Sun May 07 14:18:10 2017
<word>separate
<defs>separate ,/v./使@分离;,/v./@分开;,/v./@分隔;

<time>Thu May 11 18:12:50 2017
<word>scheme
<defs>scheme ,/n./@方案;,/n./@;

<time>Thu May 11 22:43:34 2017
<word>practice
<defs>practice ,/v./@;,/n./@;,/n./@施;,/n./@`;

<time>Thu May 11 22:44:18 2017
<word>practice
<defs>practice ,/v./@;,/n./@;,/n./@施;,/n./@`;,/n./@T;

<time>Fri May 12 17:39:35 2017
<word>foresee
<defs>foresee ,/v./@A;,/v./@A知;

<time>Fri May 12 17:39:56 2017
<word>forsee
<defs>forsee ,/v./@A;<time>Sat May 27 13:13:22 2017
<word>focus
<defs>focus ,/v./@关];<time>Sat May 27 13:13:35 2017
<word>focus
<defs>focus ,/v./@聚焦;

<time>Sat May 27 13:13:51 2017
<word>focus
<defs>focus ,/v./@聚焦;<time>Sat May 27 13:14:08 2017
<word>focus
<defs>focus ,/v./@聚焦;,/v./@集中;

<time>Sat May 27 13:14:40 2017
<word>focus
<defs>focus ,/v./@聚焦;,/v./@集中;,/n./@焦点;,/n./@中心;

<time>Sat May 27 13:18:42 2017
<word>inculcate
<defs>inculcate ,/v./@灌输;,/v./@塑造;,/v./@树立;

<time>Fri Jun 16 05:16:07 2017
<word>delve
<defs>delve ,/v./@挖;,/v./@钻研;,/v./@探究;,/n./@穴;,/n./@洞;

<time>Fri Jun 16 05:18:00 2017
<word>foray
<defs>foray ,/n./@涉足;,/n./@初次尝试;,/n./@突袭;,/n./@劫掠;,/n./@侵略;,/n./@攻击;,/n./@袭击;,/v./@袭击;,/v./@劫掠;

<time>Mon Jun 19 16:07:41 2017
<word>premise
<defs>premise ,/v./@引出;,/v./@预先提出;,/v./@假设;,/n./@前提;

<time>Fri Jul 21 20:24:06 2017
<word>sable
<defs>sable ,/n./@紫貂;,/n./@黑貂;,/n./@貂皮;,/adj./@黑的;,/adj./@阴暗的;

<time>Fri Jul 21 20:44:08 2017
<word>tavern
<defs>tavern ,/n./@酒^;,/n./@客;,/n./@旅馆;

<time>Thu Sep 07 01:25:45 2017
<word>rebate
<defs>rebate ,/,/n./@回扣;,/n./@折扣;

<time>Thu Sep 07 01:29:50 2017
<word>rebate
<defs>rebate ,/n./@回扣;,/n./@折扣;,/v./@打折;

<time>Mon Oct 02 18:17:34 2017
<word>manipulate
<defs>manipulate ,/v./@操纵;,/v./@操作;,/v./@摆布;

<time>Mon Oct 02 20:01:25 2017
<word>repeat
<defs>repeat ,/v./@重;,/v./@背诵;

<time>Mon Oct 02 20:07:08 2017
<word>ship
<defs>ship ,/n./@船;,/n./@舰;,/v./@船运;

<time>Sat Dec 09 00:28:08 2017
<word>subpoena
<defs>subpoena ,/n./@传票;,/v./@传讯;,/v./@传唤;

<time>Wed Apr 10 22:22:39 2019
<word>demographic
<defs>demographic ,/adj./@人口统计的;,/adj./@人口统计学的;<time>Wed Oct 30 22:51:05 2019
<word>fervent
<defs>fervent ,/adj./@强烈的;,/adj./@热烈的;,/adj./@热情的;,/adj./@热诚的;

<time>Wed Oct 30 22:52:21 2019
<word>quest
<defs>quest ,/n./@追求;,/n./@探索;,/n./@搜寻;

