<script>var s[2][3]={1,2,3,4,5,6}
<log>getting name (s[2][3])
<script>var s[2][3]={1,2,3,4,5,6}
<log>getting value ({1,2,3,4,5,6})
<script>var s[2][3]={1,2,3,4,5,6}
<log>init array element <s[0][0]=1>
<script>var s[2][3]={1,2,3,4,5,6}
<log>init array element <s[0][1]=2>
<script>var s[2][3]={1,2,3,4,5,6}
<log>init array element <s[0][2]=3>
<script>var s[2][3]={1,2,3,4,5,6}
<log>init array element <s[1][0]=4>
<script>var s[2][3]={1,2,3,4,5,6}
<log>init array element <s[1][1]=5>
<script>var s[2][3]={1,2,3,4,5,6}
<log>init array element <s[1][2]=6>
<script>print("s = ")
<log>getting param "s = "
<script>print(s[i][j])
<log>getting param s[i][j]
<script>print(" ")
<log>getting param " "
<script>print(s[i][j])
<log>getting param s[i][j]
<script>print(" ")
<log>getting param " "
<script>print(s[i][j])
<log>getting param s[i][j]
<script>print(" ")
<log>getting param " "
<script>print(s[i][j])
<log>getting param s[i][j]
<script>print(" ")
<log>getting param " "
<script>print(s[i][j])
<log>getting param s[i][j]
<script>print(" ")
<log>getting param " "
<script>print(s[i][j])
<log>getting param s[i][j]
<script>print(" ")
<log>getting param " "
<script>getch()
<log>getting name (getch())
<script>var s[2][3]={1,2,3,4,5,6}
<log>getting name (s[2][3])
<script>var s[2][3]={1,2,3,4,5,6}
<log>getting value ({1,2,3,4,5,6})
<script>var s[2][3]={1,2,3,4,5,6}
<log>init array element <s[0][0]=1>
<script>var s[2][3]={1,2,3,4,5,6}
<log>init array element <s[0][1]=2>
<script>var s[2][3]={1,2,3,4,5,6}
<log>init array element <s[0][2]=3>
<script>var s[2][3]={1,2,3,4,5,6}
<log>init array element <s[1][0]=4>
<script>var s[2][3]={1,2,3,4,5,6}
<log>init array element <s[1][1]=5>
<script>var s[2][3]={1,2,3,4,5,6}
<log>init array element <s[1][2]=6>
<script>print("s = ")
<log>getting param "s = "
<script>print(s[i][j])
<log>getting param s[i][j]
<script>print(" ")
<log>getting param " "
<script>print(s[i][j])
<log>getting param s[i][j]
<script>print(" ")
<log>getting param " "
<script>print(s[i][j])
<log>getting param s[i][j]
<script>print(" ")
<log>getting param " "
<script>print(s[i][j])
<log>getting param s[i][j]
<script>print(" ")
<log>getting param " "
<script>print(s[i][j])
<log>getting param s[i][j]
<script>print(" ")
<log>getting param " "
<script>print(s[i][j])
<log>getting param s[i][j]
<script>print(" ")
<log>getting param " "
<script>getch()
<log>getting name (getch())
<script>var arr[2][3]
<log>getting name (arr[2][3])
<script>var arr[2][3]
<log>init array element <arr[0][0]=0>
<script>var arr[2][3]
<log>init array element <arr[0][1]=0>
<script>var arr[2][3]
<log>init array element <arr[0][2]=0>
<script>var arr[2][3]
<log>init array element <arr[1][0]=0>
<script>var arr[2][3]
<log>init array element <arr[1][1]=0>
<script>var arr[2][3]
<log>init array element <arr[1][2]=0>
<script>var k=1
<log>getting name (k)
<script>var k=1
<log>getting value (1)
<script>print("arr = ")
<log>getting param "arr = "
<script>print(arr[i][j])
<log>getting param arr[i][j]
<script>print(" ")
<log>getting param " "
<script>print(arr[i][j])
<log>getting param arr[i][j]
<script>print(" ")
<log>getting param " "
<script>print(arr[i][j])
<log>getting param arr[i][j]
<script>print(" ")
<log>getting param " "
<script>print(arr[i][j])
<log>getting param arr[i][j]
<script>print(" ")
<log>getting param " "
<script>print(arr[i][j])
<log>getting param arr[i][j]
<script>print(" ")
<log>getting param " "
<script>print(arr[i][j])
<log>getting param arr[i][j]
<script>print(" ")
<log>getting param " "
<script>getch()
<log>getting name (getch())
<script>var arr[2][3]
<log>getting name (arr[2][3])
<script>var arr[2][3]
<log>init array element <arr[0][0]=0>
<script>var arr[2][3]
<log>init array element <arr[0][1]=0>
<script>var arr[2][3]
<log>init array element <arr[0][2]=0>
<script>var arr[2][3]
<log>init array element <arr[1][0]=0>
<script>var arr[2][3]
<log>init array element <arr[1][1]=0>
<script>var arr[2][3]
<log>init array element <arr[1][2]=0>
<script>print("arr = ")
<log>getting param "arr = "
<script>print(arr[i][j])
<log>getting param arr[i][j]
<script>print(" ")
<log>getting param " "
<script>print(arr[i][j])
<log>getting param arr[i][j]
<script>print(" ")
<log>getting param " "
<script>print(arr[i][j])
<log>getting param arr[i][j]
<script>print(" ")
<log>getting param " "
<script>print(arr[i][j])
<log>getting param arr[i][j]
<script>print(" ")
<log>getting param " "
<script>print(arr[i][j])
<log>getting param arr[i][j]
<script>print(" ")
<log>getting param " "
<script>print(arr[i][j])
<log>getting param arr[i][j]
<script>print(" ")
<log>getting param " "
<script>getch()
<log>getting name (getch())
<script>print("1"+1)
<log>getting param "1"+1
<script>print(1+1)
<log>getting param 1+1
<script>print('1'+1)
<log>getting param '1'+1
<script>print("1"+1+1)
<log>getting param "1"+1+1
<script>var s[2][3]={1,2,3,4,5,6}
<log>getting name (s[2][3])
<script>var s[2][3]={1,2,3,4,5,6}
<log>getting value ({1,2,3,4,5,6})
<script>var s[2][3]={1,2,3,4,5,6}
<log>init array element <s[0][0]=1>
<script>var s[2][3]={1,2,3,4,5,6}
<log>init array element <s[0][1]=2>
<script>var s[2][3]={1,2,3,4,5,6}
<log>init array element <s[0][2]=3>
<script>var s[2][3]={1,2,3,4,5,6}
<log>init array element <s[1][0]=4>
<script>var s[2][3]={1,2,3,4,5,6}
<log>init array element <s[1][1]=5>
<script>var s[2][3]={1,2,3,4,5,6}
<log>init array element <s[1][2]=6>
<script>print("s = ")
<log>getting param "s = "
<script>print(s[i][j])
<log>getting param s[i][j]
<script>print(" ")
<log>getting param " "
<script>print(s[i][j])
<log>getting param s[i][j]
<script>print(" ")
<log>getting param " "
<script>print(s[i][j])
<log>getting param s[i][j]
<script>print(" ")
<log>getting param " "
<script>print(s[i][j])
<log>getting param s[i][j]
<script>print(" ")
<log>getting param " "
<script>print(s[i][j])
<log>getting param s[i][j]
<script>print(" ")
<log>getting param " "
<script>print(s[i][j])
<log>getting param s[i][j]
<script>print(" ")
<log>getting param " "
<script>getch()
<log>getting name (getch())
<script>var arr[2][3]
<log>getting name (arr[2][3])
<script>var arr[2][3]
<log>init array element <arr[0][0]=0>
<script>var arr[2][3]
<log>init array element <arr[0][1]=0>
<script>var arr[2][3]
<log>init array element <arr[0][2]=0>
<script>var arr[2][3]
<log>init array element <arr[1][0]=0>
<script>var arr[2][3]
<log>init array element <arr[1][1]=0>
<script>var arr[2][3]
<log>init array element <arr[1][2]=0>
<script>var k=1
<log>getting name (k)
<script>var k=1
<log>getting value (1)
<script>print("arr = ")
<log>getting param "arr = "
<script>print(arr[i][j])
<log>getting param arr[i][j]
<script>print(" ")
<log>getting param " "
<script>print(arr[i][j])
<log>getting param arr[i][j]
<script>print(" ")
<log>getting param " "
<script>print(arr[i][j])
<log>getting param arr[i][j]
<script>print(" ")
<log>getting param " "
<script>print(arr[i][j])
<log>getting param arr[i][j]
<script>print(" ")
<log>getting param " "
<script>print(arr[i][j])
<log>getting param arr[i][j]
<script>print(" ")
<log>getting param " "
<script>print(arr[i][j])
<log>getting param arr[i][j]
<script>print(" ")
<log>getting param " "
<script>getch()
<log>getting name (getch())
<script>print("1"+1)
<log>getting param "1"+1
<script>print(1+1)
<log>getting param 1+1
<script>print('1'+1)
<log>getting param '1'+1
<script>print("1"+1+1)
<log>getting param "1"+1+1
<script>var s[2][3]={1,2,3,4,5,6}
<log>getting name (s[2][3])
<script>var s[2][3]={1,2,3,4,5,6}
<log>getting value ({1,2,3,4,5,6})
<script>var s[2][3]={1,2,3,4,5,6}
<log>init array element <s[0][0]=1>
<script>var s[2][3]={1,2,3,4,5,6}
<log>init array element <s[0][1]=2>
<script>var s[2][3]={1,2,3,4,5,6}
<log>init array element <s[0][2]=3>
<script>var s[2][3]={1,2,3,4,5,6}
<log>init array element <s[1][0]=4>
<script>var s[2][3]={1,2,3,4,5,6}
<log>init array element <s[1][1]=5>
<script>var s[2][3]={1,2,3,4,5,6}
<log>init array element <s[1][2]=6>
<script>print("s = ")
<log>getting param "s = "
<script>print(s[i][j])
<log>getting param s[i][j]
<script>print(" ")
<log>getting param " "
<script>print(s[i][j])
<log>getting param s[i][j]
<script>print(" ")
<log>getting param " "
<script>print(s[i][j])
<log>getting param s[i][j]
<script>print(" ")
<log>getting param " "
<script>print(s[i][j])
<log>getting param s[i][j]
<script>print(" ")
<log>getting param " "
<script>print(s[i][j])
<log>getting param s[i][j]
<script>print(" ")
<log>getting param " "
<script>print(s[i][j])
<log>getting param s[i][j]
<script>print(" ")
<log>getting param " "
<script>getch()
<log>getting name (getch())
<script>var arr[2][3]
<log>getting name (arr[2][3])
<script>var arr[2][3]
<log>init array element <arr[0][0]=0>
<script>var arr[2][3]
<log>init array element <arr[0][1]=0>
<script>var arr[2][3]
<log>init array element <arr[0][2]=0>
<script>var arr[2][3]
<log>init array element <arr[1][0]=0>
<script>var arr[2][3]
<log>init array element <arr[1][1]=0>
<script>var arr[2][3]
<log>init array element <arr[1][2]=0>
<script>var k=1
<log>getting name (k)
<script>var k=1
<log>getting value (1)
<script>print("arr = ")
<log>getting param "arr = "
<script>print(arr[i][j])
<log>getting param arr[i][j]
<script>print(" ")
<log>getting param " "
<script>print(arr[i][j])
<log>getting param arr[i][j]
<script>print(" ")
<log>getting param " "
<script>print(arr[i][j])
<log>getting param arr[i][j]
<script>print(" ")
<log>getting param " "
<script>print(arr[i][j])
<log>getting param arr[i][j]
<script>print(" ")
<log>getting param " "
<script>print(arr[i][j])
<log>getting param arr[i][j]
<script>print(" ")
<log>getting param " "
<script>print(arr[i][j])
<log>getting param arr[i][j]
<script>print(" ")
<log>getting param " "
<script>getch()
<log>getting name (getch())
<script>var arr[2][3]
<log>getting name (arr[2][3])
<script>var arr[2][3]
<log>init array element <arr[0][0]=0>
<script>var arr[2][3]
<log>init array element <arr[0][1]=0>
<script>var arr[2][3]
<log>init array element <arr[0][2]=0>
<script>var arr[2][3]
<log>init array element <arr[1][0]=0>
<script>var arr[2][3]
<log>init array element <arr[1][1]=0>
<script>var arr[2][3]
<log>init array element <arr[1][2]=0>
<script>print("arr = ")
<log>getting param "arr = "
<script>print(arr[i][j])
<log>getting param arr[i][j]
<script>print(" ")
<log>getting param " "
<script>print(arr[i][j])
<log>getting param arr[i][j]
<script>print(" ")
<log>getting param " "
<script>print(arr[i][j])
<log>getting param arr[i][j]
<script>print(" ")
<log>getting param " "
<script>print(arr[i][j])
<log>getting param arr[i][j]
<script>print(" ")
<log>getting param " "
<script>print(arr[i][j])
<log>getting param arr[i][j]
<script>print(" ")
<log>getting param " "
<script>print(arr[i][j])
<log>getting param arr[i][j]
<script>print(" ")
<log>getting param " "
<script>getch()
<log>getting name (getch())
<script>var object="object"
<log>getting name (object)
<script>var object="object"
<log>getting value ("object")
<script>var object.name=name
<log>getting name (object.name)
<script>var object.name=name
<log>getting value (name)
<script>var object.number=number
<log>getting name (object.number)
<script>var object.number=number
<log>getting value (number)
<script>var arr[4][8]
<log>getting name (arr[4][8])
<script>var arr[4][8]
<log>init array element <arr[0][0]=0>
<script>var arr[4][8]
<log>init array element <arr[0][1]=0>
<script>var arr[4][8]
<log>init array element <arr[0][2]=0>
<script>var arr[4][8]
<log>init array element <arr[0][3]=0>
<script>var arr[4][8]
<log>init array element <arr[0][4]=0>
<script>var arr[4][8]
<log>init array element <arr[0][5]=0>
<script>var arr[4][8]
<log>init array element <arr[0][6]=0>
<script>var arr[4][8]
<log>init array element <arr[0][7]=0>
<script>var arr[4][8]
<log>init array element <arr[1][0]=0>
<script>var arr[4][8]
<log>init array element <arr[1][1]=0>
<script>var arr[4][8]
<log>init array element <arr[1][2]=0>
<script>var arr[4][8]
<log>init array element <arr[1][3]=0>
<script>var arr[4][8]
<log>init array element <arr[1][4]=0>
<script>var arr[4][8]
<log>init array element <arr[1][5]=0>
<script>var arr[4][8]
<log>init array element <arr[1][6]=0>
<script>var arr[4][8]
<log>init array element <arr[1][7]=0>
<script>var arr[4][8]
<log>init array element <arr[2][0]=0>
<script>var arr[4][8]
<log>init array element <arr[2][1]=0>
<script>var arr[4][8]
<log>init array element <arr[2][2]=0>
<script>var arr[4][8]
<log>init array element <arr[2][3]=0>
<script>var arr[4][8]
<log>init array element <arr[2][4]=0>
<script>var arr[4][8]
<log>init array element <arr[2][5]=0>
<script>var arr[4][8]
<log>init array element <arr[2][6]=0>
<script>var arr[4][8]
<log>init array element <arr[2][7]=0>
<script>var arr[4][8]
<log>init array element <arr[3][0]=0>
<script>var arr[4][8]
<log>init array element <arr[3][1]=0>
<script>var arr[4][8]
<log>init array element <arr[3][2]=0>
<script>var arr[4][8]
<log>init array element <arr[3][3]=0>
<script>var arr[4][8]
<log>init array element <arr[3][4]=0>
<script>var arr[4][8]
<log>init array element <arr[3][5]=0>
<script>var arr[4][8]
<log>init array element <arr[3][6]=0>
<script>var arr[4][8]
<log>init array element <arr[3][7]=0>
<script>var k=1
<log>getting name (k)
<script>var k=1
<log>getting value (1)
<script>print("arr = ")
<log>getting param "arr = "
<script>getch()
<log>getting name (getch())
<script>var arr[3][4]
<log>getting name (arr[3][4])
<script>var arr[3][4]
<log>init array element <arr[0][0]=0>
<script>var arr[3][4]
<log>init array element <arr[0][1]=0>
<script>var arr[3][4]
<log>init array element <arr[0][2]=0>
<script>var arr[3][4]
<log>init array element <arr[0][3]=0>
<script>var arr[3][4]
<log>init array element <arr[1][0]=0>
<script>var arr[3][4]
<log>init array element <arr[1][1]=0>
<script>var arr[3][4]
<log>init array element <arr[1][2]=0>
<script>var arr[3][4]
<log>init array element <arr[1][3]=0>
<script>var arr[3][4]
<log>init array element <arr[2][0]=0>
<script>var arr[3][4]
<log>init array element <arr[2][1]=0>
<script>var arr[3][4]
<log>init array element <arr[2][2]=0>
<script>var arr[3][4]
<log>init array element <arr[2][3]=0>
<script>var k=1
<log>getting name (k)
<script>var k=1
<log>getting value (1)
<script>print("arr = ")
<log>getting param "arr = "
<script>print(arr[i][j])
<log>getting param arr[i][j]
<script>print(" ")
<log>getting param " "
<script>print(arr[i][j])
<log>getting param arr[i][j]
<script>print(" ")
<log>getting param " "
<script>print(arr[i][j])
<log>getting param arr[i][j]
<script>print(" ")
<log>getting param " "
<script>print(arr[i][j])
<log>getting param arr[i][j]
<script>print(" ")
<log>getting param " "
<script>print(arr[i][j])
<log>getting param arr[i][j]
<script>print(" ")
<log>getting param " "
<script>print(arr[i][j])
<log>getting param arr[i][j]
<script>print(" ")
<log>getting param " "
<script>print(arr[i][j])
<log>getting param arr[i][j]
<script>print(" ")
<log>getting param " "
<script>print(arr[i][j])
<log>getting param arr[i][j]
<script>print(" ")
<log>getting param " "
<script>print(arr[i][j])
<log>getting param arr[i][j]
<script>print(" ")
<log>getting param " "
<script>print(arr[i][j])
<log>getting param arr[i][j]
<script>print(" ")
<log>getting param " "
<script>print(arr[i][j])
<log>getting param arr[i][j]
<script>print(" ")
<log>getting param " "
<script>print(arr[i][j])
<log>getting param arr[i][j]
<script>print(" ")
<log>getting param " "
<script>getch()
<log>getting name (getch())
<script>var arr[3][4]
<log>getting name (arr[3][4])
<script>var arr[3][4]
<log>init array element <arr[0][0]=0>
<script>var arr[3][4]
<log>init array element <arr[0][1]=0>
<script>var arr[3][4]
<log>init array element <arr[0][2]=0>
<script>var arr[3][4]
<log>init array element <arr[0][3]=0>
<script>var arr[3][4]
<log>init array element <arr[1][0]=0>
<script>var arr[3][4]
<log>init array element <arr[1][1]=0>
<script>var arr[3][4]
<log>init array element <arr[1][2]=0>
<script>var arr[3][4]
<log>init array element <arr[1][3]=0>
<script>var arr[3][4]
<log>init array element <arr[2][0]=0>
<script>var arr[3][4]
<log>init array element <arr[2][1]=0>
<script>var arr[3][4]
<log>init array element <arr[2][2]=0>
<script>var arr[3][4]
<log>init array element <arr[2][3]=0>
<script>var k=1
<log>getting name (k)
<script>var k=1
<log>getting value (1)
<script>print("arr = ")
<log>getting param "arr = "
<script>print(arr[i][j])
<log>getting param arr[i][j]
<script>print(" ")
<log>getting param " "
<script>print(arr[i][j])
<log>getting param arr[i][j]
<script>print(" ")
<log>getting param " "
<script>print(arr[i][j])
<log>getting param arr[i][j]
<script>print(" ")
<log>getting param " "
<script>print(arr[i][j])
<log>getting param arr[i][j]
<script>print(" ")
<log>getting param " "
<script>print(arr[i][j])
<log>getting param arr[i][j]
<script>print(" ")
<log>getting param " "
<script>print(arr[i][j])
<log>getting param arr[i][j]
<script>print(" ")
<log>getting param " "
<script>print(arr[i][j])
<log>getting param arr[i][j]
<script>print(" ")
<log>getting param " "
<script>print(arr[i][j])
<log>getting param arr[i][j]
<script>print(" ")
<log>getting param " "
<script>print(arr[i][j])
<log>getting param arr[i][j]
<script>print(" ")
<log>getting param " "
<script>print(arr[i][j])
<log>getting param arr[i][j]
<script>print(" ")
<log>getting param " "
<script>print(arr[i][j])
<log>getting param arr[i][j]
<script>print(" ")
<log>getting param " "
<script>print(arr[i][j])
<log>getting param arr[i][j]
<script>print(" ")
<log>getting param " "
<script>getch()
<log>getting name (getch())
<script>var arr[3][4]
<log>getting name (arr[3][4])
<script>var arr[3][4]
<log>init array element <arr[0][0]=0>
<script>var arr[3][4]
<log>init array element <arr[0][1]=0>
<script>var arr[3][4]
<log>init array element <arr[0][2]=0>
<script>var arr[3][4]
<log>init array element <arr[0][3]=0>
<script>var arr[3][4]
<log>init array element <arr[1][0]=0>
<script>var arr[3][4]
<log>init array element <arr[1][1]=0>
<script>var arr[3][4]
<log>init array element <arr[1][2]=0>
<script>var arr[3][4]
<log>init array element <arr[1][3]=0>
<script>var arr[3][4]
<log>init array element <arr[2][0]=0>
<script>var arr[3][4]
<log>init array element <arr[2][1]=0>
<script>var arr[3][4]
<log>init array element <arr[2][2]=0>
<script>var arr[3][4]
<log>init array element <arr[2][3]=0>
<script>var k=1
<log>getting name (k)
<script>var k=1
<log>getting value (1)
<script>print("arr = ")
<log>getting param "arr = "
<script>print(arr[i][j])
<log>getting param arr[i][j]
<script>print(" ")
<log>getting param " "
<script>print(arr[i][j])
<log>getting param arr[i][j]
<script>print(" ")
<log>getting param " "
<script>print(arr[i][j])
<log>getting param arr[i][j]
<script>print(" ")
<log>getting param " "
<script>print(arr[i][j])
<log>getting param arr[i][j]
<script>print(" ")
<log>getting param " "
<script>print(arr[i][j])
<log>getting param arr[i][j]
<script>print(" ")
<log>getting param " "
<script>print(arr[i][j])
<log>getting param arr[i][j]
<script>print(" ")
<log>getting param " "
<script>print(arr[i][j])
<log>getting param arr[i][j]
<script>print(" ")
<log>getting param " "
<script>print(arr[i][j])
<log>getting param arr[i][j]
<script>print(" ")
<log>getting param " "
<script>print(arr[i][j])
<log>getting param arr[i][j]
<script>print(" ")
<log>getting param " "
<script>print(arr[i][j])
<log>getting param arr[i][j]
<script>print(" ")
<log>getting param " "
<script>print(arr[i][j])
<log>getting param arr[i][j]
<script>print(" ")
<log>getting param " "
<script>print(arr[i][j])
<log>getting param arr[i][j]
<script>print(" ")
<log>getting param " "
<script>getch()
<log>getting name (getch())
<script>var arr[3][4]
<log>getting name (arr[3][4])
<script>var arr[3][4]
<log>init array element <arr[0][0]=0>
<script>var arr[3][4]
<log>init array element <arr[0][1]=0>
<script>var arr[3][4]
<log>init array element <arr[0][2]=0>
<script>var arr[3][4]
<log>init array element <arr[0][3]=0>
<script>var arr[3][4]
<log>init array element <arr[1][0]=0>
<script>var arr[3][4]
<log>init array element <arr[1][1]=0>
<script>var arr[3][4]
<log>init array element <arr[1][2]=0>
<script>var arr[3][4]
<log>init array element <arr[1][3]=0>
<script>var arr[3][4]
<log>init array element <arr[2][0]=0>
<script>var arr[3][4]
<log>init array element <arr[2][1]=0>
<script>var arr[3][4]
<log>init array element <arr[2][2]=0>
<script>var arr[3][4]
<log>init array element <arr[2][3]=0>
<script>var k=1
<log>getting name (k)
<script>var k=1
<log>getting value (1)
<script>print("arr = ")
<log>getting param "arr = "
<script>print(arr[i][j])
<log>getting param arr[i][j]
<script>print(" ")
<log>getting param " "
<script>print(arr[i][j])
<log>getting param arr[i][j]
<script>print(" ")
<log>getting param " "
<script>print(arr[i][j])
<log>getting param arr[i][j]
<script>print(" ")
<log>getting param " "
<script>print(arr[i][j])
<log>getting param arr[i][j]
<script>print(" ")
<log>getting param " "
<script>print(arr[i][j])
<log>getting param arr[i][j]
<script>print(" ")
<log>getting param " "
<script>print(arr[i][j])
<log>getting param arr[i][j]
<script>print(" ")
<log>getting param " "
<script>print(arr[i][j])
<log>getting param arr[i][j]
<script>print(" ")
<log>getting param " "
<script>print(arr[i][j])
<log>getting param arr[i][j]
<script>print(" ")
<log>getting param " "
<script>print(arr[i][j])
<log>getting param arr[i][j]
<script>print(" ")
<log>getting param " "
<script>print(arr[i][j])
<log>getting param arr[i][j]
<script>print(" ")
<log>getting param " "
<script>print(arr[i][j])
<log>getting param arr[i][j]
<script>print(" ")
<log>getting param " "
<script>print(arr[i][j])
<log>getting param arr[i][j]
<script>print(" ")
<log>getting param " "
<script>getch()
<log>getting name (getch())
<script>var arr[3][4]
<log>getting name (arr[3][4])
<script>var arr[3][4]
<log>init array element <arr[0][0]=0>
<script>var arr[3][4]
<log>init array element <arr[0][1]=0>
<script>var arr[3][4]
<log>init array element <arr[0][2]=0>
<script>var arr[3][4]
<log>init array element <arr[0][3]=0>
<script>var arr[3][4]
<log>init array element <arr[1][0]=0>
<script>var arr[3][4]
<log>init array element <arr[1][1]=0>
<script>var arr[3][4]
<log>init array element <arr[1][2]=0>
<script>var arr[3][4]
<log>init array element <arr[1][3]=0>
<script>var arr[3][4]
<log>init array element <arr[2][0]=0>
<script>var arr[3][4]
<log>init array element <arr[2][1]=0>
<script>var arr[3][4]
<log>init array element <arr[2][2]=0>
<script>var arr[3][4]
<log>init array element <arr[2][3]=0>
<script>var k=1
<log>getting name (k)
<script>var k=1
<log>getting value (1)
<script>print("arr = ")
<log>getting param "arr = "
<script>print(arr[i][j])
<log>getting param arr[i][j]
<script>print(" ")
<log>getting param " "
<script>print(arr[i][j])
<log>getting param arr[i][j]
<script>print(" ")
<log>getting param " "
<script>print(arr[i][j])
<log>getting param arr[i][j]
<script>print(" ")
<log>getting param " "
<script>print(arr[i][j])
<log>getting param arr[i][j]
<script>print(" ")
<log>getting param " "
<script>print(arr[i][j])
<log>getting param arr[i][j]
<script>print(" ")
<log>getting param " "
<script>print(arr[i][j])
<log>getting param arr[i][j]
<script>print(" ")
<log>getting param " "
<script>print(arr[i][j])
<log>getting param arr[i][j]
<script>print(" ")
<log>getting param " "
<script>print(arr[i][j])
<log>getting param arr[i][j]
<script>print(" ")
<log>getting param " "
<script>print(arr[i][j])
<log>getting param arr[i][j]
<script>print(" ")
<log>getting param " "
<script>print(arr[i][j])
<log>getting param arr[i][j]
<script>print(" ")
<log>getting param " "
<script>print(arr[i][j])
<log>getting param arr[i][j]
<script>print(" ")
<log>getting param " "
<script>print(arr[i][j])
<log>getting param arr[i][j]
<script>print(" ")
<log>getting param " "
<script>getch()
<log>getting name (getch())
<script>var arr[3][4]
<log>getting name (arr[3][4])
<script>var arr[3][4]
<log>init array element <arr[0][0]=0>
<script>var arr[3][4]
<log>init array element <arr[0][1]=0>
<script>var arr[3][4]
<log>init array element <arr[0][2]=0>
<script>var arr[3][4]
<log>init array element <arr[0][3]=0>
<script>var arr[3][4]
<log>init array element <arr[1][0]=0>
<script>var arr[3][4]
<log>init array element <arr[1][1]=0>
<script>var arr[3][4]
<log>init array element <arr[1][2]=0>
<script>var arr[3][4]
<log>init array element <arr[1][3]=0>
<script>var arr[3][4]
<log>init array element <arr[2][0]=0>
<script>var arr[3][4]
<log>init array element <arr[2][1]=0>
<script>var arr[3][4]
<log>init array element <arr[2][2]=0>
<script>var arr[3][4]
<log>init array element <arr[2][3]=0>
<script>var k=1
<log>getting name (k)
<script>var k=1
<log>getting value (1)
<script>print("arr = ")
<log>getting param "arr = "
<script>print(arr[i][j])
<log>getting param arr[i][j]
<script>print(" ")
<log>getting param " "
<script>print(arr[i][j])
<log>getting param arr[i][j]
<script>print(" ")
<log>getting param " "
<script>print(arr[i][j])
<log>getting param arr[i][j]
<script>print(" ")
<log>getting param " "
<script>print(arr[i][j])
<log>getting param arr[i][j]
<script>print(" ")
<log>getting param " "
<script>print(arr[i][j])
<log>getting param arr[i][j]
<script>print(" ")
<log>getting param " "
<script>print(arr[i][j])
<log>getting param arr[i][j]
<script>print(" ")
<log>getting param " "
<script>print(arr[i][j])
<log>getting param arr[i][j]
<script>print(" ")
<log>getting param " "
<script>print(arr[i][j])
<log>getting param arr[i][j]
<script>print(" ")
<log>getting param " "
<script>print(arr[i][j])
<log>getting param arr[i][j]
<script>print(" ")
<log>getting param " "
<script>print(arr[i][j])
<log>getting param arr[i][j]
<script>print(" ")
<log>getting param " "
<script>print(arr[i][j])
<log>getting param arr[i][j]
<script>print(" ")
<log>getting param " "
<script>print(arr[i][j])
<log>getting param arr[i][j]
<script>print(" ")
<log>getting param " "
<script>getch()
<log>getting name (getch())
<script>var arr[3][4]
<log>getting name (arr[3][4])
<script>var arr[3][4]
<log>init array element <arr[0][0]=0>
<script>var arr[3][4]
<log>init array element <arr[0][1]=0>
<script>var arr[3][4]
<log>init array element <arr[0][2]=0>
<script>var arr[3][4]
<log>init array element <arr[0][3]=0>
<script>var arr[3][4]
<log>init array element <arr[1][0]=0>
<script>var arr[3][4]
<log>init array element <arr[1][1]=0>
<script>var arr[3][4]
<log>init array element <arr[1][2]=0>
<script>var arr[3][4]
<log>init array element <arr[1][3]=0>
<script>var arr[3][4]
<log>init array element <arr[2][0]=0>
<script>var arr[3][4]
<log>init array element <arr[2][1]=0>
<script>var arr[3][4]
<log>init array element <arr[2][2]=0>
<script>var arr[3][4]
<log>init array element <arr[2][3]=0>
<script>var k=1
<log>getting name (k)
<script>var k=1
<log>getting value (1)
<script>print("arr = ")
<log>getting param "arr = "
<script>print(arr[i][j])
<log>getting param arr[i][j]
<script>print(" ")
<log>getting param " "
<script>print(arr[i][j])
<log>getting param arr[i][j]
<script>print(" ")
<log>getting param " "
<script>print(arr[i][j])
<log>getting param arr[i][j]
<script>print(" ")
<log>getting param " "
<script>print(arr[i][j])
<log>getting param arr[i][j]
<script>print(" ")
<log>getting param " "
<script>print(arr[i][j])
<log>getting param arr[i][j]
<script>print(" ")
<log>getting param " "
<script>print(arr[i][j])
<log>getting param arr[i][j]
<script>print(" ")
<log>getting param " "
<script>print(arr[i][j])
<log>getting param arr[i][j]
<script>print(" ")
<log>getting param " "
<script>print(arr[i][j])
<log>getting param arr[i][j]
<script>print(" ")
<log>getting param " "
<script>print(arr[i][j])
<log>getting param arr[i][j]
<script>print(" ")
<log>getting param " "
<script>print(arr[i][j])
<log>getting param arr[i][j]
<script>print(" ")
<log>getting param " "
<script>print(arr[i][j])
<log>getting param arr[i][j]
<script>print(" ")
<log>getting param " "
<script>print(arr[i][j])
<log>getting param arr[i][j]
<script>print(" ")
<log>getting param " "
<script>getch()
<log>getting name (getch())
<script>var arr[3][4]
<log>getting name (arr[3][4])
<script>var arr[3][4]
<log>init array element <arr[0][0]=0>
<script>var arr[3][4]
<log>init array element <arr[0][1]=0>
<script>var arr[3][4]
<log>init array element <arr[0][2]=0>
<script>var arr[3][4]
<log>init array element <arr[0][3]=0>
<script>var arr[3][4]
<log>init array element <arr[1][0]=0>
<script>var arr[3][4]
<log>init array element <arr[1][1]=0>
<script>var arr[3][4]
<log>init array element <arr[1][2]=0>
<script>var arr[3][4]
<log>init array element <arr[1][3]=0>
<script>var arr[3][4]
<log>init array element <arr[2][0]=0>
<script>var arr[3][4]
<log>init array element <arr[2][1]=0>
<script>var arr[3][4]
<log>init array element <arr[2][2]=0>
<script>var arr[3][4]
<log>init array element <arr[2][3]=0>
<script>var k=1
<log>getting name (k)
<script>var k=1
<log>getting value (1)
<script>print("arr = ")
<log>getting param "arr = "
<script>print(arr[i][j])
<log>getting param arr[i][j]
<script>print(" ")
<log>getting param " "
<script>print(arr[i][j])
<log>getting param arr[i][j]
<script>print(" ")
<log>getting param " "
<script>print(arr[i][j])
<log>getting param arr[i][j]
<script>print(" ")
<log>getting param " "
<script>print(arr[i][j])
<log>getting param arr[i][j]
<script>print(" ")
<log>getting param " "
<script>print(arr[i][j])
<log>getting param arr[i][j]
<script>print(" ")
<log>getting param " "
<script>print(arr[i][j])
<log>getting param arr[i][j]
<script>print(" ")
<log>getting param " "
<script>print(arr[i][j])
<log>getting param arr[i][j]
<script>print(" ")
<log>getting param " "
<script>print(arr[i][j])
<log>getting param arr[i][j]
<script>print(" ")
<log>getting param " "
<script>print(arr[i][j])
<log>getting param arr[i][j]
<script>print(" ")
<log>getting param " "
<script>print(arr[i][j])
<log>getting param arr[i][j]
<script>print(" ")
<log>getting param " "
<script>print(arr[i][j])
<log>getting param arr[i][j]
<script>print(" ")
<log>getting param " "
<script>print(arr[i][j])
<log>getting param arr[i][j]
<script>print(" ")
<log>getting param " "
<script>getch()
<log>getting name (getch())
<script>var arr[3][4]
<log>getting name (arr[3][4])
<script>var arr[3][4]
<log>init array element <arr[0][0]=0>
<script>var arr[3][4]
<log>init array element <arr[0][1]=0>
<script>var arr[3][4]
<log>init array element <arr[0][2]=0>
<script>var arr[3][4]
<log>init array element <arr[0][3]=0>
<script>var arr[3][4]
<log>init array element <arr[1][0]=0>
<script>var arr[3][4]
<log>init array element <arr[1][1]=0>
<script>var arr[3][4]
<log>init array element <arr[1][2]=0>
<script>var arr[3][4]
<log>init array element <arr[1][3]=0>
<script>var arr[3][4]
<log>init array element <arr[2][0]=0>
<script>var arr[3][4]
<log>init array element <arr[2][1]=0>
<script>var arr[3][4]
<log>init array element <arr[2][2]=0>
<script>var arr[3][4]
<log>init array element <arr[2][3]=0>
<script>var k=1
<log>getting name (k)
<script>var k=1
<log>getting value (1)
<script>print("arr = ")
<log>getting param "arr = "
<script>print(arr[i][j])
<log>getting param arr[i][j]
<script>print(" ")
<log>getting param " "
<script>print(arr[i][j])
<log>getting param arr[i][j]
<script>print(" ")
<log>getting param " "
<script>print(arr[i][j])
<log>getting param arr[i][j]
<script>print(" ")
<log>getting param " "
<script>print(arr[i][j])
<log>getting param arr[i][j]
<script>print(" ")
<log>getting param " "
<script>print(arr[i][j])
<log>getting param arr[i][j]
<script>print(" ")
<log>getting param " "
<script>print(arr[i][j])
<log>getting param arr[i][j]
<script>print(" ")
<log>getting param " "
<script>print(arr[i][j])
<log>getting param arr[i][j]
<script>print(" ")
<log>getting param " "
<script>print(arr[i][j])
<log>getting param arr[i][j]
<script>print(" ")
<log>getting param " "
<script>print(arr[i][j])
<log>getting param arr[i][j]
<script>print(" ")
<log>getting param " "
<script>print(arr[i][j])
<log>getting param arr[i][j]
<script>print(" ")
<log>getting param " "
<script>print(arr[i][j])
<log>getting param arr[i][j]
<script>print(" ")
<log>getting param " "
<script>print(arr[i][j])
<log>getting param arr[i][j]
<script>print(" ")
<log>getting param " "
<script>getch()
<log>getting name (getch())
<script>var arr[3][4]
<log>getting name (arr[3][4])
<script>var arr[3][4]
<log>init array element <arr[0][0]=0>
<script>var arr[3][4]
<log>init array element <arr[0][1]=0>
<script>var arr[3][4]
<log>init array element <arr[0][2]=0>
<script>var arr[3][4]
<log>init array element <arr[0][3]=0>
<script>var arr[3][4]
<log>init array element <arr[1][0]=0>
<script>var arr[3][4]
<log>init array element <arr[1][1]=0>
<script>var arr[3][4]
<log>init array element <arr[1][2]=0>
<script>var arr[3][4]
<log>init array element <arr[1][3]=0>
<script>var arr[3][4]
<log>init array element <arr[2][0]=0>
<script>var arr[3][4]
<log>init array element <arr[2][1]=0>
<script>var arr[3][4]
<log>init array element <arr[2][2]=0>
<script>var arr[3][4]
<log>init array element <arr[2][3]=0>
<script>var k=1
<log>getting name (k)
<script>var k=1
<log>getting value (1)
<script>print("arr = ")
<log>getting param "arr = "
<script>print(arr[i][j])
<log>getting param arr[i][j]
<script>print(" ")
<log>getting param " "
<script>print(arr[i][j])
<log>getting param arr[i][j]
<script>print(" ")
<log>getting param " "
<script>print(arr[i][j])
<log>getting param arr[i][j]
<script>print(" ")
<log>getting param " "
<script>print(arr[i][j])
<log>getting param arr[i][j]
<script>print(" ")
<log>getting param " "
<script>print(arr[i][j])
<log>getting param arr[i][j]
<script>print(" ")
<log>getting param " "
<script>print(arr[i][j])
<log>getting param arr[i][j]
<script>print(" ")
<log>getting param " "
<script>print(arr[i][j])
<log>getting param arr[i][j]
<script>print(" ")
<log>getting param " "
<script>print(arr[i][j])
<log>getting param arr[i][j]
<script>print(" ")
<log>getting param " "
<script>print(arr[i][j])
<log>getting param arr[i][j]
<script>print(" ")
<log>getting param " "
<script>print(arr[i][j])
<log>getting param arr[i][j]
<script>print(" ")
<log>getting param " "
<script>print(arr[i][j])
<log>getting param arr[i][j]
<script>print(" ")
<log>getting param " "
<script>print(arr[i][j])
<log>getting param arr[i][j]
<script>print(" ")
<log>getting param " "
<script>getch()
<log>getting name (getch())
<script>var arr[3][4]
<log>getting name (arr[3][4])
<script>var arr[3][4]
<log>init array element <arr[0][0]=0>
<script>var arr[3][4]
<log>init array element <arr[0][1]=0>
<script>var arr[3][4]
<log>init array element <arr[0][2]=0>
<script>var arr[3][4]
<log>init array element <arr[0][3]=0>
<script>var arr[3][4]
<log>init array element <arr[1][0]=0>
<script>var arr[3][4]
<log>init array element <arr[1][1]=0>
<script>var arr[3][4]
<log>init array element <arr[1][2]=0>
<script>var arr[3][4]
<log>init array element <arr[1][3]=0>
<script>var arr[3][4]
<log>init array element <arr[2][0]=0>
<script>var arr[3][4]
<log>init array element <arr[2][1]=0>
<script>var arr[3][4]
<log>init array element <arr[2][2]=0>
<script>var arr[3][4]
<log>init array element <arr[2][3]=0>
<script>var k=1
<log>getting name (k)
<script>var k=1
<log>getting value (1)
<script>print("arr = ")
<log>getting param "arr = "
<script>print(arr[i][j])
<log>getting param arr[i][j]
<script>print(" ")
<log>getting param " "
<script>print(arr[i][j])
<log>getting param arr[i][j]
<script>print(" ")
<log>getting param " "
<script>print(arr[i][j])
<log>getting param arr[i][j]
<script>print(" ")
<log>getting param " "
<script>print(arr[i][j])
<log>getting param arr[i][j]
<script>print(" ")
<log>getting param " "
<script>print(arr[i][j])
<log>getting param arr[i][j]
<script>print(" ")
<log>getting param " "
<script>print(arr[i][j])
<log>getting param arr[i][j]
<script>print(" ")
<log>getting param " "
<script>print(arr[i][j])
<log>getting param arr[i][j]
<script>print(" ")
<log>getting param " "
<script>print(arr[i][j])
<log>getting param arr[i][j]
<script>print(" ")
<log>getting param " "
<script>print(arr[i][j])
<log>getting param arr[i][j]
<script>print(" ")
<log>getting param " "
<script>print(arr[i][j])
<log>getting param arr[i][j]
<script>print(" ")
<log>getting param " "
<script>print(arr[i][j])
<log>getting param arr[i][j]
<script>print(" ")
<log>getting param " "
<script>print(arr[i][j])
<log>getting param arr[i][j]
<script>print(" ")
<log>getting param " "
<script>getch()
<log>getting name (getch())
<script>var arr[3][4]
<log>getting name (arr[3][4])
<script>var arr[3][4]
<log>init array element <arr[0][0]=0>
<script>var arr[3][4]
<log>init array element <arr[0][1]=0>
<script>var arr[3][4]
<log>init array element <arr[0][2]=0>
<script>var arr[3][4]
<log>init array element <arr[0][3]=0>
<script>var arr[3][4]
<log>init array element <arr[1][0]=0>
<script>var arr[3][4]
<log>init array element <arr[1][1]=0>
<script>var arr[3][4]
<log>init array element <arr[1][2]=0>
<script>var arr[3][4]
<log>init array element <arr[1][3]=0>
<script>var arr[3][4]
<log>init array element <arr[2][0]=0>
<script>var arr[3][4]
<log>init array element <arr[2][1]=0>
<script>var arr[3][4]
<log>init array element <arr[2][2]=0>
<script>var arr[3][4]
<log>init array element <arr[2][3]=0>
<script>var k=1
<log>getting name (k)
<script>var k=1
<log>getting value (1)
<script>print("arr = ")
<log>getting param "arr = "
<script>print(arr[i][j])
<log>getting param arr[i][j]
<script>print(" ")
<log>getting param " "
<script>print(arr[i][j])
<log>getting param arr[i][j]
<script>print(" ")
<log>getting param " "
<script>print(arr[i][j])
<log>getting param arr[i][j]
<script>print(" ")
<log>getting param " "
<script>print(arr[i][j])
<log>getting param arr[i][j]
<script>print(" ")
<log>getting param " "
<script>print(arr[i][j])
<log>getting param arr[i][j]
<script>print(" ")
<log>getting param " "
<script>print(arr[i][j])
<log>getting param arr[i][j]
<script>print(" ")
<log>getting param " "
<script>print(arr[i][j])
<log>getting param arr[i][j]
<script>print(" ")
<log>getting param " "
<script>print(arr[i][j])
<log>getting param arr[i][j]
<script>print(" ")
<log>getting param " "
<script>print(arr[i][j])
<log>getting param arr[i][j]
<script>print(" ")
<log>getting param " "
<script>print(arr[i][j])
<log>getting param arr[i][j]
<script>print(" ")
<log>getting param " "
<script>print(arr[i][j])
<log>getting param arr[i][j]
<script>print(" ")
<log>getting param " "
<script>print(arr[i][j])
<log>getting param arr[i][j]
<script>print(" ")
<log>getting param " "
<script>getch()
<log>getting name (getch())
<script>var arr[3][4]
<log>getting name (arr[3][4])
<script>var arr[3][4]
<log>init array element <arr[0][0]=0>
<script>var arr[3][4]
<log>init array element <arr[0][1]=0>
<script>var arr[3][4]
<log>init array element <arr[0][2]=0>
<script>var arr[3][4]
<log>init array element <arr[0][3]=0>
<script>var arr[3][4]
<log>init array element <arr[1][0]=0>
<script>var arr[3][4]
<log>init array element <arr[1][1]=0>
<script>var arr[3][4]
<log>init array element <arr[1][2]=0>
<script>var arr[3][4]
<log>init array element <arr[1][3]=0>
<script>var arr[3][4]
<log>init array element <arr[2][0]=0>
<script>var arr[3][4]
<log>init array element <arr[2][1]=0>
<script>var arr[3][4]
<log>init array element <arr[2][2]=0>
<script>var arr[3][4]
<log>init array element <arr[2][3]=0>
<script>var k=1
<log>getting name (k)
<script>var k=1
<log>getting value (1)
<script>print("arr = ")
<log>getting param "arr = "
<script>print(arr[i][j])
<log>getting param arr[i][j]
<script>print(" ")
<log>getting param " "
<script>print(arr[i][j])
<log>getting param arr[i][j]
<script>print(" ")
<log>getting param " "
<script>print(arr[i][j])
<log>getting param arr[i][j]
<script>print(" ")
<log>getting param " "
<script>print(arr[i][j])
<log>getting param arr[i][j]
<script>print(" ")
<log>getting param " "
<script>print(arr[i][j])
<log>getting param arr[i][j]
<script>print(" ")
<log>getting param " "
<script>print(arr[i][j])
<log>getting param arr[i][j]
<script>print(" ")
<log>getting param " "
<script>print(arr[i][j])
<log>getting param arr[i][j]
<script>print(" ")
<log>getting param " "
<script>print(arr[i][j])
<log>getting param arr[i][j]
<script>print(" ")
<log>getting param " "
<script>print(arr[i][j])
<log>getting param arr[i][j]
<script>print(" ")
<log>getting param " "
<script>print(arr[i][j])
<log>getting param arr[i][j]
<script>print(" ")
<log>getting param " "
<script>print(arr[i][j])
<log>getting param arr[i][j]
<script>print(" ")
<log>getting param " "
<script>print(arr[i][j])
<log>getting param arr[i][j]
<script>print(" ")
<log>getting param " "
<script>getch()
<log>getting name (getch())
<script>var arr[3][4]
<log>getting name (arr[3][4])
<script>var arr[3][4]
<log>init array element <arr[0][0]=0>
<script>var arr[3][4]
<log>init array element <arr[0][1]=0>
<script>var arr[3][4]
<log>init array element <arr[0][2]=0>
<script>var arr[3][4]
<log>init array element <arr[0][3]=0>
<script>var arr[3][4]
<log>init array element <arr[1][0]=0>
<script>var arr[3][4]
<log>init array element <arr[1][1]=0>
<script>var arr[3][4]
<log>init array element <arr[1][2]=0>
<script>var arr[3][4]
<log>init array element <arr[1][3]=0>
<script>var arr[3][4]
<log>init array element <arr[2][0]=0>
<script>var arr[3][4]
<log>init array element <arr[2][1]=0>
<script>var arr[3][4]
<log>init array element <arr[2][2]=0>
<script>var arr[3][4]
<log>init array element <arr[2][3]=0>
<script>var k=1
<log>getting name (k)
<script>var k=1
<log>getting value (1)
<script>print("arr = ")
<log>getting param "arr = "
<script>print(arr[i][j])
<log>getting param arr[i][j]
<script>print(" ")
<log>getting param " "
<script>print(arr[i][j])
<log>getting param arr[i][j]
<script>print(" ")
<log>getting param " "
<script>print(arr[i][j])
<log>getting param arr[i][j]
<script>print(" ")
<log>getting param " "
<script>print(arr[i][j])
<log>getting param arr[i][j]
<script>print(" ")
<log>getting param " "
<script>print(arr[i][j])
<log>getting param arr[i][j]
<script>print(" ")
<log>getting param " "
<script>print(arr[i][j])
<log>getting param arr[i][j]
<script>print(" ")
<log>getting param " "
<script>print(arr[i][j])
<log>getting param arr[i][j]
<script>print(" ")
<log>getting param " "
<script>print(arr[i][j])
<log>getting param arr[i][j]
<script>print(" ")
<log>getting param " "
<script>print(arr[i][j])
<log>getting param arr[i][j]
<script>print(" ")
<log>getting param " "
<script>print(arr[i][j])
<log>getting param arr[i][j]
<script>print(" ")
<log>getting param " "
<script>print(arr[i][j])
<log>getting param arr[i][j]
<script>print(" ")
<log>getting param " "
<script>print(arr[i][j])
<log>getting param arr[i][j]
<script>print(" ")
<log>getting param " "
<script>getch()
<log>getting name (getch())
<script>var arr[3][4]
<log>getting name (arr[3][4])
<script>var arr[3][4]
<log>init array element <arr[0][0]=0>
<script>var arr[3][4]
<log>init array element <arr[0][1]=0>
<script>var arr[3][4]
<log>init array element <arr[0][2]=0>
<script>var arr[3][4]
<log>init array element <arr[0][3]=0>
<script>var arr[3][4]
<log>init array element <arr[1][0]=0>
<script>var arr[3][4]
<log>init array element <arr[1][1]=0>
<script>var arr[3][4]
<log>init array element <arr[1][2]=0>
<script>var arr[3][4]
<log>init array element <arr[1][3]=0>
<script>var arr[3][4]
<log>init array element <arr[2][0]=0>
<script>var arr[3][4]
<log>init array element <arr[2][1]=0>
<script>var arr[3][4]
<log>init array element <arr[2][2]=0>
<script>var arr[3][4]
<log>init array element <arr[2][3]=0>
<script>var k=1
<log>getting name (k)
<script>var k=1
<log>getting value (1)
<script>print("arr = ")
<log>getting param "arr = "
<script>print(arr[i][j])
<log>getting param arr[i][j]
<script>print(" ")
<log>getting param " "
<script>print(arr[i][j])
<log>getting param arr[i][j]
<script>print(" ")
<log>getting param " "
<script>print(arr[i][j])
<log>getting param arr[i][j]
<script>print(" ")
<log>getting param " "
<script>print(arr[i][j])
<log>getting param arr[i][j]
<script>print(" ")
<log>getting param " "
<script>print(arr[i][j])
<log>getting param arr[i][j]
<script>print(" ")
<log>getting param " "
<script>print(arr[i][j])
<log>getting param arr[i][j]
<script>print(" ")
<log>getting param " "
<script>print(arr[i][j])
<log>getting param arr[i][j]
<script>print(" ")
<log>getting param " "
<script>print(arr[i][j])
<log>getting param arr[i][j]
<script>print(" ")
<log>getting param " "
<script>print(arr[i][j])
<log>getting param arr[i][j]
<script>print(" ")
<log>getting param " "
<script>print(arr[i][j])
<log>getting param arr[i][j]
<script>print(" ")
<log>getting param " "
<script>print(arr[i][j])
<log>getting param arr[i][j]
<script>print(" ")
<log>getting param " "
<script>print(arr[i][j])
<log>getting param arr[i][j]
<script>print(" ")
<log>getting param " "
<script>getch()
<log>getting name (getch())
<script>var arr[3][4]
<log>getting name (arr[3][4])
<script>var arr[3][4]
<log>init array element <arr[0][0]=0>
<script>var arr[3][4]
<log>init array element <arr[0][1]=0>
<script>var arr[3][4]
<log>init array element <arr[0][2]=0>
<script>var arr[3][4]
<log>init array element <arr[0][3]=0>
<script>var arr[3][4]
<log>init array element <arr[1][0]=0>
<script>var arr[3][4]
<log>init array element <arr[1][1]=0>
<script>var arr[3][4]
<log>init array element <arr[1][2]=0>
<script>var arr[3][4]
<log>init array element <arr[1][3]=0>
<script>var arr[3][4]
<log>init array element <arr[2][0]=0>
<script>var arr[3][4]
<log>init array element <arr[2][1]=0>
<script>var arr[3][4]
<log>init array element <arr[2][2]=0>
<script>var arr[3][4]
<log>init array element <arr[2][3]=0>
<script>var k=1
<log>getting name (k)
<script>var k=1
<log>getting value (1)
<script>print("arr = ")
<log>getting param "arr = "
<script>print(arr[i][j])
<log>getting param arr[i][j]
<script>print(" ")
<log>getting param " "
<script>print(arr[i][j])
<log>getting param arr[i][j]
<script>print(" ")
<log>getting param " "
<script>print(arr[i][j])
<log>getting param arr[i][j]
<script>print(" ")
<log>getting param " "
<script>print(arr[i][j])
<log>getting param arr[i][j]
<script>print(" ")
<log>getting param " "
<script>print(arr[i][j])
<log>getting param arr[i][j]
<script>print(" ")
<log>getting param " "
<script>print(arr[i][j])
<log>getting param arr[i][j]
<script>print(" ")
<log>getting param " "
<script>print(arr[i][j])
<log>getting param arr[i][j]
<script>print(" ")
<log>getting param " "
<script>print(arr[i][j])
<log>getting param arr[i][j]
<script>print(" ")
<log>getting param " "
<script>print(arr[i][j])
<log>getting param arr[i][j]
<script>print(" ")
<log>getting param " "
<script>print(arr[i][j])
<log>getting param arr[i][j]
<script>print(" ")
<log>getting param " "
<script>print(arr[i][j])
<log>getting param arr[i][j]
<script>print(" ")
<log>getting param " "
<script>print(arr[i][j])
<log>getting param arr[i][j]
<script>print(" ")
<log>getting param " "
<script>getch()
<log>getting name (getch())
<script>var arr[3][4]
<log>getting name (arr[3][4])
<script>var arr[3][4]
<log>init array element <arr[0][0]=0>
<script>var arr[3][4]
<log>init array element <arr[0][1]=0>
<script>var arr[3][4]
<log>init array element <arr[0][2]=0>
<script>var arr[3][4]
<log>init array element <arr[0][3]=0>
<script>var arr[3][4]
<log>init array element <arr[1][0]=0>
<script>var arr[3][4]
<log>init array element <arr[1][1]=0>
<script>var arr[3][4]
<log>init array element <arr[1][2]=0>
<script>var arr[3][4]
<log>init array element <arr[1][3]=0>
<script>var arr[3][4]
<log>init array element <arr[2][0]=0>
<script>var arr[3][4]
<log>init array element <arr[2][1]=0>
<script>var arr[3][4]
<log>init array element <arr[2][2]=0>
<script>var arr[3][4]
<log>init array element <arr[2][3]=0>
<script>var k=1
<log>getting name (k)
<script>var k=1
<log>getting value (1)
<script>print("arr = ")
<log>getting param "arr = "
<script>print(arr[i][j])
<log>getting param arr[i][j]
<script>print(" ")
<log>getting param " "
<script>print(arr[i][j])
<log>getting param arr[i][j]
<script>print(" ")
<log>getting param " "
<script>print(arr[i][j])
<log>getting param arr[i][j]
<script>print(" ")
<log>getting param " "
<script>print(arr[i][j])
<log>getting param arr[i][j]
<script>print(" ")
<log>getting param " "
<script>print(arr[i][j])
<log>getting param arr[i][j]
<script>print(" ")
<log>getting param " "
<script>print(arr[i][j])
<log>getting param arr[i][j]
<script>print(" ")
<log>getting param " "
<script>print(arr[i][j])
<log>getting param arr[i][j]
<script>print(" ")
<log>getting param " "
<script>print(arr[i][j])
<log>getting param arr[i][j]
<script>print(" ")
<log>getting param " "
<script>print(arr[i][j])
<log>getting param arr[i][j]
<script>print(" ")
<log>getting param " "
<script>print(arr[i][j])
<log>getting param arr[i][j]
<script>print(" ")
<log>getting param " "
<script>print(arr[i][j])
<log>getting param arr[i][j]
<script>print(" ")
<log>getting param " "
<script>print(arr[i][j])
<log>getting param arr[i][j]
<script>print(" ")
<log>getting param " "
<script>getch()
<log>getting name (getch())
<script>var arr[3][4]
<log>getting name (arr[3][4])
<script>var arr[3][4]
<log>init array element <arr[0][0]=0>
<script>var arr[3][4]
<log>init array element <arr[0][1]=0>
<script>var arr[3][4]
<log>init array element <arr[0][2]=0>
<script>var arr[3][4]
<log>init array element <arr[0][3]=0>
<script>var arr[3][4]
<log>init array element <arr[1][0]=0>
<script>var arr[3][4]
<log>init array element <arr[1][1]=0>
<script>var arr[3][4]
<log>init array element <arr[1][2]=0>
<script>var arr[3][4]
<log>init array element <arr[1][3]=0>
<script>var arr[3][4]
<log>init array element <arr[2][0]=0>
<script>var arr[3][4]
<log>init array element <arr[2][1]=0>
<script>var arr[3][4]
<log>init array element <arr[2][2]=0>
<script>var arr[3][4]
<log>init array element <arr[2][3]=0>
<script>var k=1
<log>getting name (k)
<script>var k=1
<log>getting value (1)
<script>print("arr = ")
<log>getting param "arr = "
<script>print(arr[i][j])
<log>getting param arr[i][j]
<script>print(" ")
<log>getting param " "
<script>print(arr[i][j])
<log>getting param arr[i][j]
<script>print(" ")
<log>getting param " "
<script>print(arr[i][j])
<log>getting param arr[i][j]
<script>print(" ")
<log>getting param " "
<script>print(arr[i][j])
<log>getting param arr[i][j]
<script>print(" ")
<log>getting param " "
<script>print(arr[i][j])
<log>getting param arr[i][j]
<script>print(" ")
<log>getting param " "
<script>print(arr[i][j])
<log>getting param arr[i][j]
<script>print(" ")
<log>getting param " "
<script>print(arr[i][j])
<log>getting param arr[i][j]
<script>print(" ")
<log>getting param " "
<script>print(arr[i][j])
<log>getting param arr[i][j]
<script>print(" ")
<log>getting param " "
<script>print(arr[i][j])
<log>getting param arr[i][j]
<script>print(" ")
<log>getting param " "
<script>print(arr[i][j])
<log>getting param arr[i][j]
<script>print(" ")
<log>getting param " "
<script>print(arr[i][j])
<log>getting param arr[i][j]
<script>print(" ")
<log>getting param " "
<script>print(arr[i][j])
<log>getting param arr[i][j]
<script>print(" ")
<log>getting param " "
<script>getch()
<log>getting name (getch())
<script>var s[2][3]={1,2,3,4,5,6}
<log>getting name (s[2][3])
<script>var s[2][3]={1,2,3,4,5,6}
<log>getting value ({1,2,3,4,5,6})
<script>var s[2][3]={1,2,3,4,5,6}
<log>init array element <s[0][0]=1>
<script>var s[2][3]={1,2,3,4,5,6}
<log>init array element <s[0][1]=2>
<script>var s[2][3]={1,2,3,4,5,6}
<log>init array element <s[0][2]=3>
<script>var s[2][3]={1,2,3,4,5,6}
<log>init array element <s[1][0]=4>
<script>var s[2][3]={1,2,3,4,5,6}
<log>init array element <s[1][1]=5>
<script>var s[2][3]={1,2,3,4,5,6}
<log>init array element <s[1][2]=6>
<script>print("s = ")
<log>getting param "s = "
<script>print(s[i][j])
<log>getting param s[i][j]
<script>print(" ")
<log>getting param " "
<script>print(s[i][j])
<log>getting param s[i][j]
<script>print(" ")
<log>getting param " "
<script>print(s[i][j])
<log>getting param s[i][j]
<script>print(" ")
<log>getting param " "
<script>print(s[i][j])
<log>getting param s[i][j]
<script>print(" ")
<log>getting param " "
<script>print(s[i][j])
<log>getting param s[i][j]
<script>print(" ")
<log>getting param " "
<script>print(s[i][j])
<log>getting param s[i][j]
<script>print(" ")
<log>getting param " "
<script>getch()
<log>getting name (getch())
<script>var arr[3][4]
<log>getting name (arr[3][4])
<script>var arr[3][4]
<log>init array element <arr[0][0]=0>
<script>var arr[3][4]
<log>init array element <arr[0][1]=0>
<script>var arr[3][4]
<log>init array element <arr[0][2]=0>
<script>var arr[3][4]
<log>init array element <arr[0][3]=0>
<script>var arr[3][4]
<log>init array element <arr[1][0]=0>
<script>var arr[3][4]
<log>init array element <arr[1][1]=0>
<script>var arr[3][4]
<log>init array element <arr[1][2]=0>
<script>var arr[3][4]
<log>init array element <arr[1][3]=0>
<script>var arr[3][4]
<log>init array element <arr[2][0]=0>
<script>var arr[3][4]
<log>init array element <arr[2][1]=0>
<script>var arr[3][4]
<log>init array element <arr[2][2]=0>
<script>var arr[3][4]
<log>init array element <arr[2][3]=0>
<script>var k=1
<log>getting name (k)
<script>var k=1
<log>getting value (1)
<script>print("arr = ")
<log>getting param "arr = "
<script>print(arr[i][j])
<log>getting param arr[i][j]
<script>print(" ")
<log>getting param " "
<script>print(arr[i][j])
<log>getting param arr[i][j]
<script>print(" ")
<log>getting param " "
<script>print(arr[i][j])
<log>getting param arr[i][j]
<script>print(" ")
<log>getting param " "
<script>print(arr[i][j])
<log>getting param arr[i][j]
<script>print(" ")
<log>getting param " "
<script>print(arr[i][j])
<log>getting param arr[i][j]
<script>print(" ")
<log>getting param " "
<script>print(arr[i][j])
<log>getting param arr[i][j]
<script>print(" ")
<log>getting param " "
<script>print(arr[i][j])
<log>getting param arr[i][j]
<script>print(" ")
<log>getting param " "
<script>print(arr[i][j])
<log>getting param arr[i][j]
<script>print(" ")
<log>getting param " "
<script>print(arr[i][j])
<log>getting param arr[i][j]
<script>print(" ")
<log>getting param " "
<script>print(arr[i][j])
<log>getting param arr[i][j]
<script>print(" ")
<log>getting param " "
<script>print(arr[i][j])
<log>getting param arr[i][j]
<script>print(" ")
<log>getting param " "
<script>print(arr[i][j])
<log>getting param arr[i][j]
<script>print(" ")
<log>getting param " "
<script>getch()
<log>getting name (getch())
<script>var s[2][3]={1,2,3,4,5,6}
<log>getting name (s[2][3])
<script>var s[2][3]={1,2,3,4,5,6}
<log>getting value ({1,2,3,4,5,6})
<script>var s[2][3]={1,2,3,4,5,6}
<log>init array element <s[0][0]=1>
<script>var s[2][3]={1,2,3,4,5,6}
<log>init array element <s[0][1]=2>
<script>var s[2][3]={1,2,3,4,5,6}
<log>init array element <s[0][2]=3>
<script>var s[2][3]={1,2,3,4,5,6}
<log>init array element <s[1][0]=4>
<script>var s[2][3]={1,2,3,4,5,6}
<log>init array element <s[1][1]=5>
<script>var s[2][3]={1,2,3,4,5,6}
<log>init array element <s[1][2]=6>
<script>print("s = ")
<log>getting param "s = "
<script>print(s[i][j])
<log>getting param s[i][j]
<script>print(" ")
<log>getting param " "
<script>print(s[i][j])
<log>getting param s[i][j]
<script>print(" ")
<log>getting param " "
<script>print(s[i][j])
<log>getting param s[i][j]
<script>print(" ")
<log>getting param " "
<script>print(s[i][j])
<log>getting param s[i][j]
<script>print(" ")
<log>getting param " "
<script>print(s[i][j])
<log>getting param s[i][j]
<script>print(" ")
<log>getting param " "
<script>print(s[i][j])
<log>getting param s[i][j]
<script>print(" ")
<log>getting param " "
<script>getch()
<log>getting name (getch())
<script>var s[2][3]={1,2,3,4,5,6}
<log>getting name (s[2][3])
<script>var s[2][3]={1,2,3,4,5,6}
<log>getting value ({1,2,3,4,5,6})
<script>var s[2][3]={1,2,3,4,5,6}
<log>init array element <s[0][0]=1>
<script>var s[2][3]={1,2,3,4,5,6}
<log>init array element <s[0][1]=2>
<script>var s[2][3]={1,2,3,4,5,6}
<log>init array element <s[0][2]=3>
<script>var s[2][3]={1,2,3,4,5,6}
<log>init array element <s[1][0]=4>
<script>var s[2][3]={1,2,3,4,5,6}
<log>init array element <s[1][1]=5>
<script>var s[2][3]={1,2,3,4,5,6}
<log>init array element <s[1][2]=6>
<script>print("s = ")
<log>getting param "s = "
<script>print(s[i][j])
<log>getting param s[i][j]
<script>print(" ")
<log>getting param " "
<script>print(s[i][j])
<log>getting param s[i][j]
<script>print(" ")
<log>getting param " "
<script>print(s[i][j])
<log>getting param s[i][j]
<script>print(" ")
<log>getting param " "
<script>print(s[i][j])
<log>getting param s[i][j]
<script>print(" ")
<log>getting param " "
<script>print(s[i][j])
<log>getting param s[i][j]
<script>print(" ")
<log>getting param " "
<script>print(s[i][j])
<log>getting param s[i][j]
<script>print(" ")
<log>getting param " "
<script>getch()
<log>getting name (getch())
<script>var arr[3][4]
<log>getting name (arr[3][4])
<script>var arr[3][4]
<log>init array element <arr[0][0]=0>
<script>var arr[3][4]
<log>init array element <arr[0][1]=0>
<script>var arr[3][4]
<log>init array element <arr[0][2]=0>
<script>var arr[3][4]
<log>init array element <arr[0][3]=0>
<script>var arr[3][4]
<log>init array element <arr[1][0]=0>
<script>var arr[3][4]
<log>init array element <arr[1][1]=0>
<script>var arr[3][4]
<log>init array element <arr[1][2]=0>
<script>var arr[3][4]
<log>init array element <arr[1][3]=0>
<script>var arr[3][4]
<log>init array element <arr[2][0]=0>
<script>var arr[3][4]
<log>init array element <arr[2][1]=0>
<script>var arr[3][4]
<log>init array element <arr[2][2]=0>
<script>var arr[3][4]
<log>init array element <arr[2][3]=0>
<script>var k=1
<log>getting name (k)
<script>var k=1
<log>getting value (1)
<script>print("arr = ")
<log>getting param "arr = "
<script>print(arr[i][j])
<log>getting param arr[i][j]
<script>print(" ")
<log>getting param " "
<script>print(arr[i][j])
<log>getting param arr[i][j]
<script>print(" ")
<log>getting param " "
<script>print(arr[i][j])
<log>getting param arr[i][j]
<script>print(" ")
<log>getting param " "
<script>print(arr[i][j])
<log>getting param arr[i][j]
<script>print(" ")
<log>getting param " "
<script>print(arr[i][j])
<log>getting param arr[i][j]
<script>print(" ")
<log>getting param " "
<script>print(arr[i][j])
<log>getting param arr[i][j]
<script>print(" ")
<log>getting param " "
<script>print(arr[i][j])
<log>getting param arr[i][j]
<script>print(" ")
<log>getting param " "
<script>print(arr[i][j])
<log>getting param arr[i][j]
<script>print(" ")
<log>getting param " "
<script>print(arr[i][j])
<log>getting param arr[i][j]
<script>print(" ")
<log>getting param " "
<script>print(arr[i][j])
<log>getting param arr[i][j]
<script>print(" ")
<log>getting param " "
<script>print(arr[i][j])
<log>getting param arr[i][j]
<script>print(" ")
<log>getting param " "
<script>print(arr[i][j])
<log>getting param arr[i][j]
<script>print(" ")
<log>getting param " "
<script>getch()
<log>getting name (getch())
