<script>var s[2][3]={1,2,3,4,5,6}
<log>getting name (s[2][3])
<script>var s[2][3]={1,2,3,4,5,6}
<log>getting value ({1,2,3,4,5,6})
<script>var s[2][3]={1,2,3,4,5,6}
<log>init array element <s[0][0]=1>
<script>var s[2][3]={1,2,3,4,5,6}
<log>init array element <s[0][1]=2>
<script>var s[2][3]={1,2,3,4,5,6}
<log>init array element <s[0][2]=3>
<script>var s[2][3]={1,2,3,4,5,6}
<log>init array element <s[1][0]=4>
<script>var s[2][3]={1,2,3,4,5,6}
<log>init array element <s[1][1]=5>
<script>var s[2][3]={1,2,3,4,5,6}
<log>init array element <s[1][2]=6>
<script>print("s = {")
<log>getting param "s = {"
<script>print(s[0][0])
<log>getting param s[0][0]
<script>print(",")
<log>getting param ","
<script>print(s[0][1])
<log>getting param s[0][1]
<script>print(",")
<log>getting param ","
<script>print(s[0][2])
<log>getting param s[0][2]
<script>print(",")
<log>getting param ","
<script>print(s[1][0])
<log>getting param s[1][0]
<script>print(",")
<log>getting param ","
<script>print(s[1][1])
<log>getting param s[1][1]
<script>print(",")
<log>getting param ","
<script>print(s[1][2])
<log>getting param s[1][2]
<script>print("}")
<log>getting param "}"
<script>getch()
<log>getting name (getch())
